{"uuid":"aae995ea-c957-49b7-82d4-a27e05c3727b","historyId":"8e43740a1712de47311ef6897552e247","fullName":"Coupons: Verify Claim functionality","labels":[{"name":"tag","value":"smoke"},{"name":"tag","value":"tc003"},{"name":"host","value":"Srikants-Mac-mini.local"},{"name":"thread","value":"5068@Srikants-Mac-mini.local.main(1)"},{"name":"feature","value":"Coupons"},{"name":"story","value":"Verify Claim functionality"},{"name":"suite","value":"Coupons"},{"name":"testClass","value":"Verify Claim functionality"},{"name":"framework","value":"cucumber4jvm"},{"name":"language","value":"java"},{"name":"gherkin_uri","value":"file:///Users/srikantmahapatro/automation/LeapWebAutomation/src/test/resources/Features/Coupons.feature"},{"name":"package","value":"src.test.resources.Features.Coupons_feature.Coupons"}],"links":[],"name":"Verify Claim functionality","status":"broken","statusDetails":{"known":false,"muted":false,"flaky":false,"message":"element click intercepted: Element <button id=\"couponstab\" class=\" bg-black bg-opacity-10 font-unilevershilling py-3 rounded-xl mb-2 w-full\">...</button> is not clickable at point (389, 344). Other element would receive the click: <div class=\"custom-modal w-full h-[100vh] flex justify-center items-center\">...</div>\n  (Session info: chrome=121.0.6167.85)\nBuild info: version: '4.11.0', revision: '040bc5406b'\nSystem info: os.name: 'Mac OS X', os.arch: 'aarch64', os.version: '14.2.1', java.version: '20.0.2'\nDriver info: org.openqa.selenium.chrome.ChromeDriver\nCommand: [0e7d9e7881c076e97c942effb5720202, clickElement {id=B9BD40505F6E08259A25816DD3C55450_element_162}]\nCapabilities {acceptInsecureCerts: false, browserName: chrome, browserVersion: 121.0.6167.85, chrome: {chromedriverVersion: 121.0.6167.85 (3f98d690ad7e..., userDataDir: /var/folders/4r/k6_jg5nj6kg...}, fedcm:accounts: true, goog:chromeOptions: {debuggerAddress: localhost:53391}, networkConnectionEnabled: false, pageLoadStrategy: normal, platformName: mac, proxy: Proxy(), se:cdp: ws://localhost:53391/devtoo..., se:cdpVersion: 121.0.6167.85, setWindowRect: true, strictFileInteractability: false, timeouts: {implicit: 0, pageLoad: 300000, script: 30000}, unhandledPromptBehavior: accept and notify, webauthn:extension:credBlob: true, webauthn:extension:largeBlob: true, webauthn:extension:minPinLength: true, webauthn:extension:prf: true, webauthn:virtualAuthenticators: true}\nElement: [[ChromeDriver: chrome on mac (0e7d9e7881c076e97c942effb5720202)] -> xpath: //button[@id='couponstab']]\nSession ID: 0e7d9e7881c076e97c942effb5720202","trace":"org.openqa.selenium.ElementClickInterceptedException: element click intercepted: Element <button id=\"couponstab\" class=\" bg-black bg-opacity-10 font-unilevershilling py-3 rounded-xl mb-2 w-full\">...</button> is not clickable at point (389, 344). Other element would receive the click: <div class=\"custom-modal w-full h-[100vh] flex justify-center items-center\">...</div>\n  (Session info: chrome=121.0.6167.85)\nBuild info: version: '4.11.0', revision: '040bc5406b'\nSystem info: os.name: 'Mac OS X', os.arch: 'aarch64', os.version: '14.2.1', java.version: '20.0.2'\nDriver info: org.openqa.selenium.chrome.ChromeDriver\nCommand: [0e7d9e7881c076e97c942effb5720202, clickElement {id=B9BD40505F6E08259A25816DD3C55450_element_162}]\nCapabilities {acceptInsecureCerts: false, browserName: chrome, browserVersion: 121.0.6167.85, chrome: {chromedriverVersion: 121.0.6167.85 (3f98d690ad7e..., userDataDir: /var/folders/4r/k6_jg5nj6kg...}, fedcm:accounts: true, goog:chromeOptions: {debuggerAddress: localhost:53391}, networkConnectionEnabled: false, pageLoadStrategy: normal, platformName: mac, proxy: Proxy(), se:cdp: ws://localhost:53391/devtoo..., se:cdpVersion: 121.0.6167.85, setWindowRect: true, strictFileInteractability: false, timeouts: {implicit: 0, pageLoad: 300000, script: 30000}, unhandledPromptBehavior: accept and notify, webauthn:extension:credBlob: true, webauthn:extension:largeBlob: true, webauthn:extension:minPinLength: true, webauthn:extension:prf: true, webauthn:virtualAuthenticators: true}\nElement: [[ChromeDriver: chrome on mac (0e7d9e7881c076e97c942effb5720202)] -> xpath: //button[@id='couponstab']]\nSession ID: 0e7d9e7881c076e97c942effb5720202\n\tat java.base/jdk.internal.reflect.DirectConstructorHandleAccessor.newInstance(DirectConstructorHandleAccessor.java:67)\n\tat java.base/java.lang.reflect.Constructor.newInstanceWithCaller(Constructor.java:500)\n\tat java.base/java.lang.reflect.Constructor.newInstance(Constructor.java:484)\n\tat org.openqa.selenium.remote.codec.w3c.W3CHttpResponseCodec.createException(W3CHttpResponseCodec.java:200)\n\tat org.openqa.selenium.remote.codec.w3c.W3CHttpResponseCodec.decode(W3CHttpResponseCodec.java:133)\n\tat org.openqa.selenium.remote.codec.w3c.W3CHttpResponseCodec.decode(W3CHttpResponseCodec.java:52)\n\tat org.openqa.selenium.remote.HttpCommandExecutor.execute(HttpCommandExecutor.java:191)\n\tat org.openqa.selenium.remote.service.DriverCommandExecutor.invokeExecute(DriverCommandExecutor.java:196)\n\tat org.openqa.selenium.remote.service.DriverCommandExecutor.execute(DriverCommandExecutor.java:171)\n\tat org.openqa.selenium.remote.RemoteWebDriver.execute(RemoteWebDriver.java:518)\n\tat org.openqa.selenium.remote.RemoteWebElement.execute(RemoteWebElement.java:224)\n\tat org.openqa.selenium.remote.RemoteWebElement.click(RemoteWebElement.java:77)\n\tat java.base/jdk.internal.reflect.DirectMethodHandleAccessor.invoke(DirectMethodHandleAccessor.java:104)\n\tat java.base/java.lang.reflect.Method.invoke(Method.java:578)\n\tat org.openqa.selenium.support.pagefactory.internal.LocatingElementHandler.invoke(LocatingElementHandler.java:51)\n\tat jdk.proxy2/jdk.proxy2.$Proxy24.click(Unknown Source)\n\tat Pages.Dashboard.ClaimCoupons(Dashboard.java:143)\n\tat Steps.SDCoupons.try_to_claim_coupons(SDCoupons.java:34)\n\tat ✽.try to claim coupons(file:///Users/srikantmahapatro/automation/LeapWebAutomation/src/test/resources/Features/Coupons.feature:6)\n"},"stage":"finished","steps":[{"name":"Given  LeapReward url is up and running","status":"passed","statusDetails":{"known":false,"muted":false,"flaky":false},"stage":"finished","steps":[],"attachments":[],"parameters":[],"start":1706609773230,"stop":1706609779641},{"name":"When  try to claim coupons","status":"broken","statusDetails":{"known":false,"muted":false,"flaky":false,"message":"element click intercepted: Element <button id=\"couponstab\" class=\" bg-black bg-opacity-10 font-unilevershilling py-3 rounded-xl mb-2 w-full\">...</button> is not clickable at point (389, 344). Other element would receive the click: <div class=\"custom-modal w-full h-[100vh] flex justify-center items-center\">...</div>\n  (Session info: chrome=121.0.6167.85)\nBuild info: version: '4.11.0', revision: '040bc5406b'\nSystem info: os.name: 'Mac OS X', os.arch: 'aarch64', os.version: '14.2.1', java.version: '20.0.2'\nDriver info: org.openqa.selenium.chrome.ChromeDriver\nCommand: [0e7d9e7881c076e97c942effb5720202, clickElement {id=B9BD40505F6E08259A25816DD3C55450_element_162}]\nCapabilities {acceptInsecureCerts: false, browserName: chrome, browserVersion: 121.0.6167.85, chrome: {chromedriverVersion: 121.0.6167.85 (3f98d690ad7e..., userDataDir: /var/folders/4r/k6_jg5nj6kg...}, fedcm:accounts: true, goog:chromeOptions: {debuggerAddress: localhost:53391}, networkConnectionEnabled: false, pageLoadStrategy: normal, platformName: mac, proxy: Proxy(), se:cdp: ws://localhost:53391/devtoo..., se:cdpVersion: 121.0.6167.85, setWindowRect: true, strictFileInteractability: false, timeouts: {implicit: 0, pageLoad: 300000, script: 30000}, unhandledPromptBehavior: accept and notify, webauthn:extension:credBlob: true, webauthn:extension:largeBlob: true, webauthn:extension:minPinLength: true, webauthn:extension:prf: true, webauthn:virtualAuthenticators: true}\nElement: [[ChromeDriver: chrome on mac (0e7d9e7881c076e97c942effb5720202)] -> xpath: //button[@id='couponstab']]\nSession ID: 0e7d9e7881c076e97c942effb5720202","trace":"org.openqa.selenium.ElementClickInterceptedException: element click intercepted: Element <button id=\"couponstab\" class=\" bg-black bg-opacity-10 font-unilevershilling py-3 rounded-xl mb-2 w-full\">...</button> is not clickable at point (389, 344). Other element would receive the click: <div class=\"custom-modal w-full h-[100vh] flex justify-center items-center\">...</div>\n  (Session info: chrome=121.0.6167.85)\nBuild info: version: '4.11.0', revision: '040bc5406b'\nSystem info: os.name: 'Mac OS X', os.arch: 'aarch64', os.version: '14.2.1', java.version: '20.0.2'\nDriver info: org.openqa.selenium.chrome.ChromeDriver\nCommand: [0e7d9e7881c076e97c942effb5720202, clickElement {id=B9BD40505F6E08259A25816DD3C55450_element_162}]\nCapabilities {acceptInsecureCerts: false, browserName: chrome, browserVersion: 121.0.6167.85, chrome: {chromedriverVersion: 121.0.6167.85 (3f98d690ad7e..., userDataDir: /var/folders/4r/k6_jg5nj6kg...}, fedcm:accounts: true, goog:chromeOptions: {debuggerAddress: localhost:53391}, networkConnectionEnabled: false, pageLoadStrategy: normal, platformName: mac, proxy: Proxy(), se:cdp: ws://localhost:53391/devtoo..., se:cdpVersion: 121.0.6167.85, setWindowRect: true, strictFileInteractability: false, timeouts: {implicit: 0, pageLoad: 300000, script: 30000}, unhandledPromptBehavior: accept and notify, webauthn:extension:credBlob: true, webauthn:extension:largeBlob: true, webauthn:extension:minPinLength: true, webauthn:extension:prf: true, webauthn:virtualAuthenticators: true}\nElement: [[ChromeDriver: chrome on mac (0e7d9e7881c076e97c942effb5720202)] -> xpath: //button[@id='couponstab']]\nSession ID: 0e7d9e7881c076e97c942effb5720202\n\tat java.base/jdk.internal.reflect.DirectConstructorHandleAccessor.newInstance(DirectConstructorHandleAccessor.java:67)\n\tat java.base/java.lang.reflect.Constructor.newInstanceWithCaller(Constructor.java:500)\n\tat java.base/java.lang.reflect.Constructor.newInstance(Constructor.java:484)\n\tat org.openqa.selenium.remote.codec.w3c.W3CHttpResponseCodec.createException(W3CHttpResponseCodec.java:200)\n\tat org.openqa.selenium.remote.codec.w3c.W3CHttpResponseCodec.decode(W3CHttpResponseCodec.java:133)\n\tat org.openqa.selenium.remote.codec.w3c.W3CHttpResponseCodec.decode(W3CHttpResponseCodec.java:52)\n\tat org.openqa.selenium.remote.HttpCommandExecutor.execute(HttpCommandExecutor.java:191)\n\tat org.openqa.selenium.remote.service.DriverCommandExecutor.invokeExecute(DriverCommandExecutor.java:196)\n\tat org.openqa.selenium.remote.service.DriverCommandExecutor.execute(DriverCommandExecutor.java:171)\n\tat org.openqa.selenium.remote.RemoteWebDriver.execute(RemoteWebDriver.java:518)\n\tat org.openqa.selenium.remote.RemoteWebElement.execute(RemoteWebElement.java:224)\n\tat org.openqa.selenium.remote.RemoteWebElement.click(RemoteWebElement.java:77)\n\tat java.base/jdk.internal.reflect.DirectMethodHandleAccessor.invoke(DirectMethodHandleAccessor.java:104)\n\tat java.base/java.lang.reflect.Method.invoke(Method.java:578)\n\tat org.openqa.selenium.support.pagefactory.internal.LocatingElementHandler.invoke(LocatingElementHandler.java:51)\n\tat jdk.proxy2/jdk.proxy2.$Proxy24.click(Unknown Source)\n\tat Pages.Dashboard.ClaimCoupons(Dashboard.java:143)\n\tat Steps.SDCoupons.try_to_claim_coupons(SDCoupons.java:34)\n\tat ✽.try to claim coupons(file:///Users/srikantmahapatro/automation/LeapWebAutomation/src/test/resources/Features/Coupons.feature:6)\n"},"stage":"finished","steps":[],"attachments":[],"parameters":[],"start":1706609779641,"stop":1706610025068},{"name":"Then  I should able to claim coupons sucessfully","status":"skipped","statusDetails":{"known":false,"muted":false,"flaky":false},"stage":"finished","steps":[],"attachments":[],"parameters":[],"start":1706610025068,"stop":1706610025069}],"attachments":[],"parameters":[],"start":1706609742293,"stop":1706610025337}